<?xml version="1.0" encoding="UTF-8"?>
<!-- Generated by org.testng.reporters.JUnitReportReporter -->
<testsuite hostname="DESKTOP-02956BS" failures="0" tests="1" name="BackToDashboard.QuestionTypesTest" time="8.761" errors="0" timestamp="2023-01-06T10:50:56 IST" skipped="0">
  <testcase classname="BackToDashboard.QuestionTypesTest" name="printingAllQuestions" time="8.761"/>
  <system-out>
    <![CDATA[Entered to Homepage Succcesfully]]>
  </system-out>
</testsuite> <!-- BackToDashboard.QuestionTypesTest -->
